Build started 2018/4/15 上午 06:03:42.
     1>Project "C:\Users\user\Documents\Visual Studio 2010\Projects\MediaPlayer - 複製\MediaPlayer\MediaPlayer.vcxproj" on node 2 (build target(s)).
     1>InitializeBuildStatus:
         Creating "Debug\MediaPlayer.unsuccessfulbuild" because "AlwaysCreate" was specified.
       ClCompile:
         All outputs are up-to-date.
         c:\Program Files (x86)\Microsoft Visual Studio 10.0\VC\bin\CL.exe /c /ZI /nologo /W3 /WX- /Od /Oy- /D WIN32 /D _DEBUG /D _WINDOWS /D _UNICODE /D UNICODE /Gm /EHsc /RTC1 /MDd /GS /fp:precise /Zc:wchar_t /Zc:forScope /Yu"StdAfx.h" /Fp"Debug\MediaPlayer.pch" /Fo"Debug\\" /Fd"Debug\vc100.pdb" /Gd /TP /analyze- /errorReport:prompt Player.cpp
         Player.cpp
     1>c:\users\user\documents\visual studio 2010\projects\mediaplayer - 複製\mediaplayer\player.cpp(197): warning C4715: 'Play' : not all control paths return a value
       ResourceCompile:
         All outputs are up-to-date.
       ManifestResourceCompile:
         All outputs are up-to-date.
       Link:
         c:\Program Files (x86)\Microsoft Visual Studio 10.0\VC\bin\link.exe /ERRORREPORT:PROMPT /OUT:"C:\Users\user\Documents\Visual Studio 2010\Projects\MediaPlayer - 複製\Debug\MediaPlayer.exe" /INCREMENTAL /NOLOGO strmiids.lib quartz.lib kernel32.lib user32.lib gdi32.lib winspool.lib comdlg32.lib advapi32.lib shell32.lib ole32.lib oleaut32.lib uuid.lib odbc32.lib odbccp32.lib /MANIFEST /ManifestFile:"Debug\MediaPlayer.exe.intermediate.manifest" /MANIFESTUAC:"level='asInvoker' uiAccess='false'" /DEBUG /PDB:"C:\Users\user\Documents\Visual Studio 2010\Projects\MediaPlayer - 複製\Debug\MediaPlayer.pdb" /SUBSYSTEM:WINDOWS /TLBID:1 /DYNAMICBASE /NXCOMPAT /IMPLIB:"C:\Users\user\Documents\Visual Studio 2010\Projects\MediaPlayer - 複製\Debug\MediaPlayer.lib" /MACHINE:X86 Debug\MediaPlayer.res
         Debug\MediaPlayer.exe.embed.manifest.res
         Debug\MediaPlayer.obj
         Debug\Player.obj
         Debug\stdafx.obj
       Manifest:
         C:\Program Files (x86)\Microsoft SDKs\Windows\v7.0A\bin\mt.exe /nologo /verbose /out:"Debug\MediaPlayer.exe.embed.manifest" /manifest Debug\MediaPlayer.exe.intermediate.manifest
         All outputs are up-to-date.
       LinkEmbedManifest:
         All outputs are up-to-date.
         MediaPlayer.vcxproj -> C:\Users\user\Documents\Visual Studio 2010\Projects\MediaPlayer - 複製\Debug\MediaPlayer.exe
       FinalizeBuildStatus:
         Deleting file "Debug\MediaPlayer.unsuccessfulbuild".
         Touching "Debug\MediaPlayer.lastbuildstate".
     1>Done Building Project "C:\Users\user\Documents\Visual Studio 2010\Projects\MediaPlayer - 複製\MediaPlayer\MediaPlayer.vcxproj" (build target(s)).

Build succeeded.

Time Elapsed 00:00:00.30
